0 info it worked if it ends with ok
1 verbose cli [ 'c:\\Program Files\\nodejs\\node.exe',
1 verbose cli   'c:\\Program Files\\nodejs\\node_modules\\npm\\bin\\npm-cli.js',
1 verbose cli   'install' ]
2 info using npm@1.4.28
3 info using node@v0.10.33
4 warn package.json vchat@1.0.0 No description
5 warn package.json vchat@1.0.0 No repository field.
6 warn package.json vchat@1.0.0 No README data
7 verbose readDependencies using package.json deps
8 verbose install where, deps [ 'd:\\working\\vchat', [ 'weichat' ] ]
9 info preinstall vchat@1.0.0
10 verbose readDependencies using package.json deps
11 verbose cache add [ 'weichat@*', null ]
12 verbose cache add name=undefined spec="weichat@*" args=["weichat@*",null]
13 verbose parsed url { protocol: null,
13 verbose parsed url   slashes: null,
13 verbose parsed url   auth: null,
13 verbose parsed url   host: null,
13 verbose parsed url   port: null,
13 verbose parsed url   hostname: null,
13 verbose parsed url   hash: null,
13 verbose parsed url   search: null,
13 verbose parsed url   query: null,
13 verbose parsed url   pathname: 'weichat@*',
13 verbose parsed url   path: 'weichat@*',
13 verbose parsed url   href: 'weichat@*' }
14 verbose cache add name="weichat" spec="*" args=["weichat","*"]
15 verbose parsed url { protocol: null,
15 verbose parsed url   slashes: null,
15 verbose parsed url   auth: null,
15 verbose parsed url   host: null,
15 verbose parsed url   port: null,
15 verbose parsed url   hostname: null,
15 verbose parsed url   hash: null,
15 verbose parsed url   search: null,
15 verbose parsed url   query: null,
15 verbose parsed url   pathname: '*',
15 verbose parsed url   path: '*',
15 verbose parsed url   href: '*' }
16 verbose addNamed [ 'weichat', '*' ]
17 verbose addNamed [ null, '*' ]
18 silly lockFile e5ee4fe2-weichat weichat@*
19 verbose lock weichat@* C:\Users\cc\AppData\Roaming\npm-cache\e5ee4fe2-weichat.lock
20 silly addNameRange { name: 'weichat', range: '*', hasData: false }
21 verbose request where is /weichat
22 verbose request registry https://registry.npmjs.org/
23 verbose request id 4f26a57afc79b674
24 verbose url raw /weichat
25 verbose url resolving [ 'https://registry.npmjs.org/', './weichat' ]
26 verbose url resolved https://registry.npmjs.org/weichat
27 verbose request where is https://registry.npmjs.org/weichat
28 info trying registry request attempt 1 at 00:24:46
29 http GET https://registry.npmjs.org/weichat
30 http 404 https://registry.npmjs.org/weichat
31 verbose headers { date: 'Sun, 04 Jan 2015 16:24:44 GMT',
31 verbose headers   server: 'CouchDB/1.5.0 (Erlang OTP/R16B03)',
31 verbose headers   'content-type': 'application/json',
31 verbose headers   'cache-control': 'max-age=0',
31 verbose headers   'content-length': '52',
31 verbose headers   'accept-ranges': 'bytes',
31 verbose headers   via: '1.1 varnish',
31 verbose headers   age: '0',
31 verbose headers   'x-served-by': 'cache-lax1434-LAX',
31 verbose headers   'x-cache': 'MISS',
31 verbose headers   'x-cache-hits': '0',
31 verbose headers   'x-timer': 'S1420388684.060469,VS0,VE181',
31 verbose headers   'keep-alive': 'timeout=10, max=50',
31 verbose headers   connection: 'Keep-Alive' }
32 silly registry.get cb [ 404,
32 silly registry.get   { date: 'Sun, 04 Jan 2015 16:24:44 GMT',
32 silly registry.get     server: 'CouchDB/1.5.0 (Erlang OTP/R16B03)',
32 silly registry.get     'content-type': 'application/json',
32 silly registry.get     'cache-control': 'max-age=0',
32 silly registry.get     'content-length': '52',
32 silly registry.get     'accept-ranges': 'bytes',
32 silly registry.get     via: '1.1 varnish',
32 silly registry.get     age: '0',
32 silly registry.get     'x-served-by': 'cache-lax1434-LAX',
32 silly registry.get     'x-cache': 'MISS',
32 silly registry.get     'x-cache-hits': '0',
32 silly registry.get     'x-timer': 'S1420388684.060469,VS0,VE181',
32 silly registry.get     'keep-alive': 'timeout=10, max=50',
32 silly registry.get     connection: 'Keep-Alive' } ]
33 silly lockFile e5ee4fe2-weichat weichat@*
34 silly lockFile e5ee4fe2-weichat weichat@*
35 error 404 404 Not Found: weichat
35 error 404
35 error 404 'weichat' is not in the npm registry.
35 error 404 You should bug the author to publish it
35 error 404 It was specified as a dependency of 'vchat'
35 error 404
35 error 404 Note that you can also install from a
35 error 404 tarball, folder, or http url, or git url.
36 error System Windows_NT 6.1.7601
37 error command "c:\\Program Files\\nodejs\\node.exe" "c:\\Program Files\\nodejs\\node_modules\\npm\\bin\\npm-cli.js" "install"
38 error cwd d:\working\vchat
39 error node -v v0.10.33
40 error npm -v 1.4.28
41 error code E404
42 verbose exit [ 1, true ]
